<?xml version="1.0" encoding="UTF-8" standalone="no"?>
<!DOCTYPE log SYSTEM "logger.dtd">
<log>
<record>
  <date>2021-10-12T08:14:04.374136400Z</date>
  <millis>1634026444374</millis>
  <nanos>136400</nanos>
  <sequence>0</sequence>
  <logger>jMetal</logger>
  <level>INFO</level>
  <class>jmetal.metaheuristics.nsgaII.NSGAII_main</class>
  <method>main</method>
  <thread>1</thread>
  <message>Total execution time: 7957ms</message>
</record>
<record>
  <date>2021-10-12T08:14:04.415135900Z</date>
  <millis>1634026444415</millis>
  <nanos>135900</nanos>
  <sequence>1</sequence>
  <logger>jMetal</logger>
  <level>INFO</level>
  <class>jmetal.metaheuristics.nsgaII.NSGAII_main</class>
  <method>main</method>
  <thread>1</thread>
  <message>Variables values have been writen to file VAR</message>
</record>
<record>
  <date>2021-10-12T08:14:04.432136600Z</date>
  <millis>1634026444432</millis>
  <nanos>136600</nanos>
  <sequence>2</sequence>
  <logger>jMetal</logger>
  <level>INFO</level>
  <class>jmetal.metaheuristics.nsgaII.NSGAII_main</class>
  <method>main</method>
  <thread>1</thread>
  <message>Objectives values have been writen to file FUN</message>
</record>
</log>
